<?xml version="1.0" encoding="UTF-8"?>
<!-- Generated by org.testng.reporters.JUnitReportReporter -->
<testsuite skipped="0" hostname="LAPTOP-DCN9E5KL" name="RE_cases_Automation.Response_Validation" tests="2" failures="0" timestamp="22 Jul 2021 11:52:09 GMT" time="12.981" errors="0">
  <testcase name="Validate_TransactionID" time="2.436" classname="RE_cases_Automation.Response_Validation"/>
  <testcase name="Validate_Statuscode" time="10.545" classname="RE_cases_Automation.Response_Validation"/>
</testsuite> <!-- RE_cases_Automation.Response_Validation -->
