<?xml version="1.0" encoding="UTF-8"?>
<!-- Generated by org.testng.reporters.JUnitReportReporter -->
<testsuite skipped="0" hostname="LAPTOP-DCN9E5KL" name="RE_cases_Automation.Simplw_Get" tests="1" failures="0" timestamp="02 Jun 2021 05:42:03 GMT" time="9.668" errors="0">
  <testcase name="ViewAgency" time="9.668" classname="RE_cases_Automation.Simplw_Get"/>
</testsuite> <!-- RE_cases_Automation.Simplw_Get -->
