<?xml version="1.0" encoding="UTF-8"?>
<!-- Generated by org.testng.reporters.JUnitReportReporter -->
<testsuite skipped="0" hostname="LAPTOP-DCN9E5KL" name="RE_cases_Automation.Simple_Get_Param" tests="1" failures="0" timestamp="04 Jun 2021 11:56:13 GMT" time="9.893" errors="0">
  <testcase name="View_Beneficiary" time="9.893" classname="RE_cases_Automation.Simple_Get_Param"/>
</testsuite> <!-- RE_cases_Automation.Simple_Get_Param -->
