<?xml version="1.0" encoding="UTF-8"?>
<!-- Generated by org.testng.reporters.JUnitReportReporter -->
<testsuite skipped="0" hostname="LAPTOP-DCN9E5KL" name="RE_cases_Automation.Response_Extraction" tests="1" failures="0" timestamp="02 Jun 2021 06:26:04 GMT" time="11.124" errors="0">
  <testcase name="Get_Customertransaction_Details" time="11.124" classname="RE_cases_Automation.Response_Extraction"/>
</testsuite> <!-- RE_cases_Automation.Response_Extraction -->
