<?xml version="1.0" encoding="UTF-8"?>
<!-- Generated by org.testng.reporters.JUnitReportReporter -->
<testsuite skipped="0" hostname="LAPTOP-DCN9E5KL" name="RE_cases.paramGet" tests="1" failures="0" timestamp="15 May 2021 18:40:05 GMT" time="2.747" errors="0">
  <testcase name="GetCustomerDetail" time="2.747" classname="RE_cases.paramGet"/>
</testsuite> <!-- RE_cases.paramGet -->
