<?xml version="1.0" encoding="UTF-8"?>
<!-- Generated by org.testng.reporters.JUnitReportReporter -->
<testsuite skipped="0" hostname="LAPTOP-DCN9E5KL" name="RE_cases_Automation.Simple_Get" tests="1" failures="0" timestamp="29 Jun 2021 02:27:28 GMT" time="3.999" errors="0">
  <testcase name="ViewAgency" time="3.999" classname="RE_cases_Automation.Simple_Get"/>
</testsuite> <!-- RE_cases_Automation.Simple_Get -->
