<?xml version="1.0" encoding="UTF-8"?>
<!-- Generated by org.testng.reporters.JUnitReportReporter -->
<testsuite skipped="0" hostname="LAPTOP-DCN9E5KL" name="RE_cases.UpdatingESignature" tests="1" failures="0" timestamp="24 May 2021 19:30:07 GMT" time="4.853" errors="0">
  <testcase name="UpdateEsig" time="4.853" classname="RE_cases.UpdatingESignature"/>
</testsuite> <!-- RE_cases.UpdatingESignature -->
