<?xml version="1.0" encoding="UTF-8"?>
<!-- Generated by org.testng.reporters.JUnitReportReporter -->
<testsuite skipped="0" hostname="LAPTOP-DCN9E5KL" name="RE_cases_Automation.Post_GetProductPricing" tests="1" failures="0" timestamp="24 May 2021 20:19:20 GMT" time="7.008" errors="0">
  <testcase name="GetProductPricing" time="7.008" classname="RE_cases_Automation.Post_GetProductPricing"/>
</testsuite> <!-- RE_cases_Automation.Post_GetProductPricing -->
