<?xml version="1.0" encoding="UTF-8"?>
<!-- Generated by org.testng.reporters.JUnitReportReporter -->
<testsuite skipped="0" hostname="LAPTOP-DCN9E5KL" name="RE_cases.deleteCart" tests="1" failures="0" timestamp="25 May 2021 18:11:33 GMT" time="4.418" errors="0">
  <testcase name="deletecartitem" time="4.418" classname="RE_cases.deleteCart"/>
</testsuite> <!-- RE_cases.deleteCart -->
