<?xml version="1.0" encoding="UTF-8"?>
<!-- Generated by org.testng.reporters.JUnitReportReporter -->
<testsuite skipped="0" hostname="LAPTOP-DCN9E5KL" name="RE_cases_Automation.Excel_DB" tests="2" failures="0" timestamp="02 Jun 2021 07:57:51 GMT" time="1.775" errors="0">
  <testcase name="Write_Data" time="1.753" classname="RE_cases_Automation.Excel_DB"/>
  <testcase name="Get_Data" time="0.022" classname="RE_cases_Automation.Excel_DB"/>
</testsuite> <!-- RE_cases_Automation.Excel_DB -->
