<?xml version="1.0" encoding="UTF-8"?>
<!-- Generated by org.testng.reporters.JUnitReportReporter -->
<testsuite skipped="0" hostname="LAPTOP-DCN9E5KL" name="RE_cases.ViewAgencies" tests="1" failures="0" timestamp="02 Jun 2021 05:28:25 GMT" time="4.652" errors="0">
  <testcase name="ViewAgency" time="4.652" classname="RE_cases.ViewAgencies"/>
</testsuite> <!-- RE_cases.ViewAgencies -->
