<?xml version="1.0" encoding="UTF-8"?>
<!-- Generated by org.testng.reporters.JUnitReportReporter -->
<testsuite skipped="0" hostname="LAPTOP-DCN9E5KL" name="RE_cases.Sample_excel1" tests="1" failures="0" timestamp="02 Jun 2021 13:15:10 GMT" time="0.515" errors="0">
  <testcase name="main12" time="0.515" classname="RE_cases.Sample_excel1"/>
</testsuite> <!-- RE_cases.Sample_excel1 -->
