<?xml version="1.0" encoding="UTF-8"?>
<!-- Generated by org.testng.reporters.JUnitReportReporter -->
<testsuite skipped="0" hostname="LAPTOP-DCN9E5KL" name="RE_cases_Automation.CustomerCompleteDetails" tests="4" failures="0" timestamp="04 Jun 2021 12:07:47 GMT" time="8.966" errors="0">
  <testcase name="View_Customer_Info" time="4.258" classname="RE_cases_Automation.CustomerCompleteDetails"/>
  <testcase name="View_Payment_Methods" time="1.500" classname="RE_cases_Automation.CustomerCompleteDetails"/>
  <testcase name="Get_CustomerOrder_History" time="1.820" classname="RE_cases_Automation.CustomerCompleteDetails"/>
  <testcase name="GetCustomertransaction" time="1.388" classname="RE_cases_Automation.CustomerCompleteDetails"/>
</testsuite> <!-- RE_cases_Automation.CustomerCompleteDetails -->
