<?xml version="1.0" encoding="UTF-8"?>
<!-- Generated by org.testng.reporters.JUnitReportReporter -->
<testsuite skipped="0" hostname="LAPTOP-DCN9E5KL" name="RE_cases_Automation.Simple_delete" tests="1" failures="0" timestamp="02 Jun 2021 06:13:43 GMT" time="4.344" errors="0">
  <testcase name="Delete_Beneficiary" time="4.344" classname="RE_cases_Automation.Simple_delete"/>
</testsuite> <!-- RE_cases_Automation.Simple_delete -->
