<?xml version="1.0" encoding="UTF-8"?>
<!-- Generated by org.testng.reporters.JUnitReportReporter -->
<testsuite skipped="0" hostname="LAPTOP-DCN9E5KL" name="RE_cases.GetCustomerDetails" tests="1" failures="0" timestamp="01 Jun 2021 17:26:09 GMT" time="5.313" errors="0">
  <testcase name="GetCustomertransaction" time="5.313" classname="RE_cases.GetCustomerDetails"/>
</testsuite> <!-- RE_cases.GetCustomerDetails -->
