<?xml version="1.0" encoding="UTF-8"?>
<!-- Generated by org.testng.reporters.JUnitReportReporter -->
<testsuite skipped="0" hostname="LAPTOP-DCN9E5KL" name="RE_cases.EnrollIQ" tests="1" failures="0" timestamp="15 May 2021 17:39:09 GMT" time="9.484" errors="0">
  <testcase name="getAgencies" time="9.484" classname="RE_cases.EnrollIQ"/>
</testsuite> <!-- RE_cases.EnrollIQ -->
