<?xml version="1.0" encoding="UTF-8"?>
<!-- Generated by org.testng.reporters.JUnitReportReporter -->
<testsuite skipped="0" hostname="LAPTOP-DCN9E5KL" name="RE_cases_Automation.Test_a" tests="1" failures="0" timestamp="24 May 2021 20:10:30 GMT" time="8.183" errors="0">
  <testcase name="UpdateEsig" time="8.183" classname="RE_cases_Automation.Test_a"/>
</testsuite> <!-- RE_cases_Automation.Test_a -->
