<?xml version="1.0" encoding="UTF-8"?>
<!-- Generated by org.testng.reporters.JUnitReportReporter -->
<testsuite skipped="0" hostname="LAPTOP-DCN9E5KL" name="RE_cases.justGet" tests="2" failures="0" timestamp="15 May 2021 18:39:19 GMT" time="3.656" errors="0">
  <testcase name="makeSureThatGoogleIsUp" time="2.622" classname="RE_cases.justGet"/>
  <testcase name="demo99" time="1.034" classname="RE_cases.justGet"/>
</testsuite> <!-- RE_cases.justGet -->
