<?xml version="1.0" encoding="UTF-8"?>
<!-- Generated by org.testng.reporters.JUnitReportReporter -->
<testsuite skipped="0" hostname="LAPTOP-DCN9E5KL" name="RE_cases.GetCustomertransactions" tests="1" failures="0" timestamp="01 Jun 2021 18:56:42 GMT" time="12.794" errors="0">
  <testcase name="GetCustomertransaction" time="12.794" classname="RE_cases.GetCustomertransactions"/>
</testsuite> <!-- RE_cases.GetCustomertransactions -->
