<?xml version="1.0" encoding="UTF-8"?>
<!-- Generated by org.testng.reporters.JUnitReportReporter -->
<testsuite skipped="0" hostname="LAPTOP-DCN9E5KL" name="RE_cases_Automation.AddToCart" tests="1" failures="0" timestamp="24 May 2021 17:35:17 GMT" time="0.016" errors="0">
  <testcase name="AddDependent" time="0.016" classname="RE_cases_Automation.AddToCart"/>
</testsuite> <!-- RE_cases_Automation.AddToCart -->
