<?xml version="1.0" encoding="UTF-8"?>
<!-- Generated by org.testng.reporters.JUnitReportReporter -->
<testsuite skipped="0" hostname="LAPTOP-DCN9E5KL" name="RE_cases.s2" tests="1" failures="0" timestamp="15 May 2021 18:34:34 GMT" time="4.258" errors="0">
  <testcase name="GetCustomerDetail" time="4.258" classname="RE_cases.s2"/>
</testsuite> <!-- RE_cases.s2 -->
