<?xml version="1.0" encoding="UTF-8"?>
<!-- Generated by org.testng.reporters.JUnitReportReporter -->
<testsuite skipped="0" hostname="LAPTOP-DCN9E5KL" name="RE_cases.S1" tests="2" failures="0" timestamp="15 May 2021 18:36:54 GMT" time="3.889" errors="0">
  <testcase name="makeSureThatGoogleIsUp" time="2.866" classname="RE_cases.S1"/>
  <testcase name="demo99" time="1.023" classname="RE_cases.S1"/>
</testsuite> <!-- RE_cases.S1 -->
