<?xml version="1.0" encoding="UTF-8"?>
<!-- Generated by org.testng.reporters.JUnitReportReporter -->
<testsuite skipped="0" hostname="LAPTOP-DCN9E5KL" name="RE_cases.GetCustomerOrderInfo" tests="1" failures="0" timestamp="22 Jul 2021 12:08:30 GMT" time="3.769" errors="0">
  <testcase name="getcustomerorderinfor" time="3.769" classname="RE_cases.GetCustomerOrderInfo"/>
</testsuite> <!-- RE_cases.GetCustomerOrderInfo -->
