<?xml version="1.0" encoding="UTF-8"?>
<!-- Generated by org.testng.reporters.JUnitReportReporter -->
<testsuite skipped="0" hostname="LAPTOP-DCN9E5KL" name="RE_cases_Automation.Simple_Post" tests="1" failures="0" timestamp="02 Jun 2021 06:15:41 GMT" time="3.802" errors="0">
  <testcase name="Add_Beneficiary" time="3.802" classname="RE_cases_Automation.Simple_Post"/>
</testsuite> <!-- RE_cases_Automation.Simple_Post -->
